[ 2016-01-06T17:26:06+08:00 ] ::1 /RabbitCMS/rabbit.php
INFO: [ app_init ] --START--
INFO: Run Behavior\BuildLiteBehavior [ RunTime:0.000037s ]
INFO: [ app_init ] --END-- [ RunTime:0.000929s ]

[ 2016-01-06T17:36:53+08:00 ] ::1 /RabbitCMS/rabbit.php
INFO: [ app_init ] --START--
INFO: Run Behavior\BuildLiteBehavior [ RunTime:0.000022s ]
INFO: [ app_init ] --END-- [ RunTime:0.000582s ]

[ 2016-01-06T17:37:04+08:00 ] ::1 /RabbitCMS/rabbit.php/Admin
INFO: [ app_init ] --START--
INFO: Run Behavior\BuildLiteBehavior [ RunTime:0.000023s ]
INFO: [ app_init ] --END-- [ RunTime:0.000603s ]

[ 2016-01-06T17:37:07+08:00 ] ::1 /RabbitCMS/rabbit.php/Admin/user_enter.html
INFO: [ app_init ] --START--
INFO: Run Behavior\BuildLiteBehavior [ RunTime:0.000022s ]
INFO: [ app_init ] --END-- [ RunTime:0.000601s ]
ERR: SQLSTATE[HY000] [1049] Unknown database 'diavision'

[ 2016-01-06T17:41:20+08:00 ] ::1 /RabbitCMS/rabbit.php
INFO: [ app_init ] --START--
INFO: Run Behavior\BuildLiteBehavior [ RunTime:0.000020s ]
INFO: [ app_init ] --END-- [ RunTime:0.000560s ]

[ 2016-01-06T17:44:44+08:00 ] ::1 /RabbitCMS/rabbit.php
INFO: [ app_init ] --START--
INFO: Run Behavior\BuildLiteBehavior [ RunTime:0.000027s ]
INFO: [ app_init ] --END-- [ RunTime:0.001937s ]

[ 2016-01-06T17:44:46+08:00 ] ::1 /RabbitCMS/rabbit.php/Admin/user_enter.html
INFO: [ app_init ] --START--
INFO: Run Behavior\BuildLiteBehavior [ RunTime:0.000023s ]
INFO: [ app_init ] --END-- [ RunTime:0.001729s ]
ERR: SQLSTATE[HY000] [1049] Unknown database 'diavision'

[ 2016-01-06T17:45:11+08:00 ] ::1 /RabbitCMS/rabbit.php
INFO: [ app_init ] --START--
INFO: Run Behavior\BuildLiteBehavior [ RunTime:0.000037s ]
INFO: [ app_init ] --END-- [ RunTime:0.001019s ]

[ 2016-01-06T17:45:15+08:00 ] ::1 /RabbitCMS/rabbit.php/Admin/user_enter.html
INFO: [ app_init ] --START--
INFO: Run Behavior\BuildLiteBehavior [ RunTime:0.000030s ]
INFO: [ app_init ] --END-- [ RunTime:0.001830s ]
ERR: SQLSTATE[HY000] [1049] Unknown database 'diavision'

[ 2016-01-06T17:46:45+08:00 ] ::1 /RabbitCMS/rabbit.php/Admin/user_enter.html
INFO: [ app_init ] --START--
INFO: Run Behavior\BuildLiteBehavior [ RunTime:0.000022s ]
INFO: [ app_init ] --END-- [ RunTime:0.000685s ]
ERR: SQLSTATE[HY000] [1049] Unknown database 'diavision'

[ 2016-01-06T17:46:47+08:00 ] ::1 /RabbitCMS/rabbit.php/Admin/user_enter.html
INFO: [ app_init ] --START--
INFO: Run Behavior\BuildLiteBehavior [ RunTime:0.000022s ]
INFO: [ app_init ] --END-- [ RunTime:0.000528s ]
ERR: SQLSTATE[HY000] [1049] Unknown database 'diavision'

[ 2016-01-06T17:46:54+08:00 ] ::1 /RabbitCMS/rabbit.php
INFO: [ app_init ] --START--
INFO: Run Behavior\BuildLiteBehavior [ RunTime:0.000022s ]
INFO: [ app_init ] --END-- [ RunTime:0.000573s ]

[ 2016-01-06T17:50:45+08:00 ] ::1 /RabbitCMS/rabbit.php
INFO: [ app_init ] --START--
INFO: Run Behavior\BuildLiteBehavior [ RunTime:0.000024s ]
INFO: [ app_init ] --END-- [ RunTime:0.001682s ]

[ 2016-01-06T17:51:41+08:00 ] ::1 /RabbitCMS/rabbit.php
INFO: [ app_init ] --START--
INFO: Run Behavior\BuildLiteBehavior [ RunTime:0.000035s ]
INFO: [ app_init ] --END-- [ RunTime:0.000851s ]

[ 2016-01-06T17:55:18+08:00 ] ::1 /RabbitCMS/rabbit.php
INFO: [ app_init ] --START--
INFO: Run Behavior\BuildLiteBehavior [ RunTime:0.000029s ]
INFO: [ app_init ] --END-- [ RunTime:0.000795s ]

[ 2016-01-06T17:55:24+08:00 ] ::1 /RabbitCMS/rabbit.php/Index/control_broad.html
INFO: [ app_init ] --START--
INFO: Run Behavior\BuildLiteBehavior [ RunTime:0.000023s ]
INFO: [ app_init ] --END-- [ RunTime:0.000623s ]
ERR: 非法操作:control_broad

[ 2016-01-06T17:57:08+08:00 ] ::1 /RabbitCMS/rabbit.php/Index/control_broad.html
INFO: [ app_init ] --START--
INFO: Run Behavior\BuildLiteBehavior [ RunTime:0.000028s ]
INFO: [ app_init ] --END-- [ RunTime:0.000515s ]
ERR: Think\Controller:borad_init方法不存在！

[ 2016-01-06T17:57:25+08:00 ] ::1 /RabbitCMS/rabbit.php/Index/control_broad.html
INFO: [ app_init ] --START--
INFO: Run Behavior\BuildLiteBehavior [ RunTime:0.000036s ]
INFO: [ app_init ] --END-- [ RunTime:0.000831s ]
ERR: 模板不存在:./Application/Rabbit/View/Admin/User/user_borad_btn.html

[ 2016-01-06T17:58:02+08:00 ] ::1 /RabbitCMS/rabbit.php/Index/control_broad.html
INFO: [ app_init ] --START--
INFO: Run Behavior\BuildLiteBehavior [ RunTime:0.000024s ]
INFO: [ app_init ] --END-- [ RunTime:0.002147s ]
ERR: 模板不存在:./Application/Rabbit/View/Admin/User/user_borad_btn.html

[ 2016-01-06T17:58:11+08:00 ] ::1 /RabbitCMS/rabbit.php/Index/control_broad.html
INFO: [ app_init ] --START--
INFO: Run Behavior\BuildLiteBehavior [ RunTime:0.000051s ]
INFO: [ app_init ] --END-- [ RunTime:0.001217s ]
ERR: 非法操作:control_broad

[ 2016-01-06T17:58:27+08:00 ] ::1 /RabbitCMS/rabbit.php/Index/control_board.html
INFO: [ app_init ] --START--
INFO: Run Behavior\BuildLiteBehavior [ RunTime:0.000022s ]
INFO: [ app_init ] --END-- [ RunTime:0.000494s ]

[ 2016-01-06T17:58:31+08:00 ] ::1 /RabbitCMS/rabbit.php/Index/index.html
INFO: [ app_init ] --START--
INFO: Run Behavior\BuildLiteBehavior [ RunTime:0.000022s ]
INFO: [ app_init ] --END-- [ RunTime:0.000514s ]

[ 2016-01-06T17:58:40+08:00 ] ::1 /RabbitCMS/rabbit.php/Index/control_board.html
INFO: [ app_init ] --START--
INFO: Run Behavior\BuildLiteBehavior [ RunTime:0.000022s ]
INFO: [ app_init ] --END-- [ RunTime:0.000502s ]

[ 2016-01-06T17:59:12+08:00 ] ::1 /RabbitCMS/rabbit.php/Index/control_board.html
INFO: [ app_init ] --START--
INFO: Run Behavior\BuildLiteBehavior [ RunTime:0.000042s ]
INFO: [ app_init ] --END-- [ RunTime:0.000844s ]

[ 2016-01-06T17:59:53+08:00 ] ::1 /RabbitCMS/rabbit.php/Index/control_board.html
INFO: [ app_init ] --START--
INFO: Run Behavior\BuildLiteBehavior [ RunTime:0.000037s ]
INFO: [ app_init ] --END-- [ RunTime:0.000903s ]

[ 2016-01-06T18:02:27+08:00 ] ::1 /RabbitCMS/rabbit.php/Index/control_board.html
INFO: [ app_init ] --START--
INFO: Run Behavior\BuildLiteBehavior [ RunTime:0.000059s ]
INFO: [ app_init ] --END-- [ RunTime:0.000892s ]

[ 2016-01-06T18:02:45+08:00 ] ::1 /RabbitCMS/rabbit.php/Index/control_board.html
INFO: [ app_init ] --START--
INFO: Run Behavior\BuildLiteBehavior [ RunTime:0.000036s ]
INFO: [ app_init ] --END-- [ RunTime:0.000900s ]

[ 2016-01-06T18:05:39+08:00 ] ::1 /RabbitCMS/rabbit.php/Index/control_board.html
INFO: [ app_init ] --START--
INFO: Run Behavior\BuildLiteBehavior [ RunTime:0.000022s ]
INFO: [ app_init ] --END-- [ RunTime:0.000538s ]

[ 2016-01-06T18:09:29+08:00 ] ::1 /RabbitCMS/rabbit.php/Index/control_board.html
INFO: [ app_init ] --START--
INFO: Run Behavior\BuildLiteBehavior [ RunTime:0.000024s ]
INFO: [ app_init ] --END-- [ RunTime:0.000795s ]

[ 2016-01-06T18:11:19+08:00 ] ::1 /RabbitCMS/rabbit.php/Index/control_board.html
INFO: [ app_init ] --START--
INFO: Run Behavior\BuildLiteBehavior [ RunTime:0.000019s ]
INFO: [ app_init ] --END-- [ RunTime:0.000498s ]

[ 2016-01-06T18:12:36+08:00 ] ::1 /RabbitCMS/rabbit.php/Index/control_board.html
INFO: [ app_init ] --START--
INFO: Run Behavior\BuildLiteBehavior [ RunTime:0.000021s ]
INFO: [ app_init ] --END-- [ RunTime:0.000555s ]

[ 2016-01-06T18:12:42+08:00 ] ::1 /RabbitCMS/rabbit.php/Index/control_board.html
INFO: [ app_init ] --START--
INFO: Run Behavior\BuildLiteBehavior [ RunTime:0.000025s ]
INFO: [ app_init ] --END-- [ RunTime:0.000597s ]

[ 2016-01-06T18:14:15+08:00 ] ::1 /RabbitCMS/rabbit.php/Index/control_board.html
INFO: [ app_init ] --START--
INFO: Run Behavior\BuildLiteBehavior [ RunTime:0.000021s ]
INFO: [ app_init ] --END-- [ RunTime:0.000525s ]

[ 2016-01-06T18:17:49+08:00 ] ::1 /RabbitCMS/rabbit.php/Index/control_board.html
INFO: [ app_init ] --START--
INFO: Run Behavior\BuildLiteBehavior [ RunTime:0.000025s ]
INFO: [ app_init ] --END-- [ RunTime:0.000596s ]

[ 2016-01-06T18:20:28+08:00 ] ::1 /RabbitCMS/rabbit.php/Index/control_board.html
INFO: [ app_init ] --START--
INFO: Run Behavior\BuildLiteBehavior [ RunTime:0.000020s ]
INFO: [ app_init ] --END-- [ RunTime:0.000573s ]

[ 2016-01-06T18:21:31+08:00 ] ::1 /RabbitCMS/rabbit.php/Index/control_board.html
INFO: [ app_init ] --START--
INFO: Run Behavior\BuildLiteBehavior [ RunTime:0.000024s ]
INFO: [ app_init ] --END-- [ RunTime:0.000650s ]

[ 2016-01-06T18:22:49+08:00 ] ::1 /RabbitCMS/rabbit.php/Index/control_board.html
INFO: [ app_init ] --START--
INFO: Run Behavior\BuildLiteBehavior [ RunTime:0.000024s ]
INFO: [ app_init ] --END-- [ RunTime:0.000529s ]

[ 2016-01-06T18:24:19+08:00 ] ::1 /RabbitCMS/rabbit.php/Index/control_board.html
INFO: [ app_init ] --START--
INFO: Run Behavior\BuildLiteBehavior [ RunTime:0.000022s ]
INFO: [ app_init ] --END-- [ RunTime:0.000561s ]

[ 2016-01-06T18:30:10+08:00 ] ::1 /RabbitCMS/rabbit.php/Index/control_board.html
INFO: [ app_init ] --START--
INFO: Run Behavior\BuildLiteBehavior [ RunTime:0.000032s ]
INFO: [ app_init ] --END-- [ RunTime:0.000616s ]

[ 2016-01-06T18:30:32+08:00 ] ::1 /RabbitCMS/rabbit.php/Index/control_board.html
INFO: [ app_init ] --START--
INFO: Run Behavior\BuildLiteBehavior [ RunTime:0.000020s ]
INFO: [ app_init ] --END-- [ RunTime:0.000505s ]

[ 2016-01-06T18:31:12+08:00 ] ::1 /RabbitCMS/rabbit.php/Index/control_board.html
INFO: [ app_init ] --START--
INFO: Run Behavior\BuildLiteBehavior [ RunTime:0.000029s ]
INFO: [ app_init ] --END-- [ RunTime:0.000907s ]

[ 2016-01-06T18:32:04+08:00 ] ::1 /RabbitCMS/rabbit.php/Index/control_board.html
INFO: [ app_init ] --START--
INFO: Run Behavior\BuildLiteBehavior [ RunTime:0.000020s ]
INFO: [ app_init ] --END-- [ RunTime:0.000507s ]

[ 2016-01-06T18:33:09+08:00 ] ::1 /RabbitCMS/rabbit.php/Index/control_board.html
INFO: [ app_init ] --START--
INFO: Run Behavior\BuildLiteBehavior [ RunTime:0.000022s ]
INFO: [ app_init ] --END-- [ RunTime:0.000561s ]

[ 2016-01-06T18:35:05+08:00 ] ::1 /RabbitCMS/rabbit.php/Index/control_board.html
INFO: [ app_init ] --START--
INFO: Run Behavior\BuildLiteBehavior [ RunTime:0.000027s ]
INFO: [ app_init ] --END-- [ RunTime:0.000625s ]

[ 2016-01-06T18:36:02+08:00 ] ::1 /RabbitCMS/rabbit.php/Index/control_board.html
INFO: [ app_init ] --START--
INFO: Run Behavior\BuildLiteBehavior [ RunTime:0.000025s ]
INFO: [ app_init ] --END-- [ RunTime:0.000541s ]

[ 2016-01-06T18:36:14+08:00 ] ::1 /RabbitCMS/rabbit.php/Index/control_board.html
INFO: [ app_init ] --START--
INFO: Run Behavior\BuildLiteBehavior [ RunTime:0.000022s ]
INFO: [ app_init ] --END-- [ RunTime:0.000585s ]

[ 2016-01-06T18:36:20+08:00 ] ::1 /RabbitCMS/rabbit.php/Index/control_board.html
INFO: [ app_init ] --START--
INFO: Run Behavior\BuildLiteBehavior [ RunTime:0.000036s ]
INFO: [ app_init ] --END-- [ RunTime:0.000897s ]

[ 2016-01-06T18:38:38+08:00 ] ::1 /RabbitCMS/rabbit.php/Index/control_board.html
INFO: [ app_init ] --START--
INFO: Run Behavior\BuildLiteBehavior [ RunTime:0.000040s ]
INFO: [ app_init ] --END-- [ RunTime:0.000963s ]

[ 2016-01-06T18:38:52+08:00 ] ::1 /RabbitCMS/rabbit.php/Index/control_board.html
INFO: [ app_init ] --START--
INFO: Run Behavior\BuildLiteBehavior [ RunTime:0.000029s ]
INFO: [ app_init ] --END-- [ RunTime:0.001242s ]

[ 2016-01-06T18:38:56+08:00 ] ::1 /RabbitCMS/rabbit.php/Index/control_board.html
INFO: [ app_init ] --START--
INFO: Run Behavior\BuildLiteBehavior [ RunTime:0.000033s ]
INFO: [ app_init ] --END-- [ RunTime:0.000890s ]

[ 2016-01-06T18:39:09+08:00 ] ::1 /RabbitCMS/rabbit.php/Index/control_board.html
INFO: [ app_init ] --START--
INFO: Run Behavior\BuildLiteBehavior [ RunTime:0.000021s ]
INFO: [ app_init ] --END-- [ RunTime:0.000574s ]

[ 2016-01-06T18:39:38+08:00 ] ::1 /RabbitCMS/rabbit.php/Index/control_board.html
INFO: [ app_init ] --START--
INFO: Run Behavior\BuildLiteBehavior [ RunTime:0.000045s ]
INFO: [ app_init ] --END-- [ RunTime:0.000866s ]

[ 2016-01-06T18:39:55+08:00 ] ::1 /RabbitCMS/rabbit.php/Index/control_board.html
INFO: [ app_init ] --START--
INFO: Run Behavior\BuildLiteBehavior [ RunTime:0.000022s ]
INFO: [ app_init ] --END-- [ RunTime:0.000492s ]

[ 2016-01-06T18:40:27+08:00 ] ::1 /RabbitCMS/rabbit.php/Index/control_board.html
INFO: [ app_init ] --START--
INFO: Run Behavior\BuildLiteBehavior [ RunTime:0.000055s ]
INFO: [ app_init ] --END-- [ RunTime:0.001154s ]

[ 2016-01-06T18:40:32+08:00 ] ::1 /RabbitCMS/rabbit.php/Index/index.html
INFO: [ app_init ] --START--
INFO: Run Behavior\BuildLiteBehavior [ RunTime:0.000020s ]
INFO: [ app_init ] --END-- [ RunTime:0.000508s ]

[ 2016-01-06T18:40:36+08:00 ] ::1 /RabbitCMS/rabbit.php/Index/control_board.html
INFO: [ app_init ] --START--
INFO: Run Behavior\BuildLiteBehavior [ RunTime:0.000024s ]
INFO: [ app_init ] --END-- [ RunTime:0.000628s ]

[ 2016-01-06T19:10:04+08:00 ] ::1 /RabbitCMS/rabbit.php
INFO: [ app_init ] --START--
INFO: Run Behavior\BuildLiteBehavior [ RunTime:0.000024s ]
INFO: [ app_init ] --END-- [ RunTime:0.001563s ]

[ 2016-01-06T19:10:07+08:00 ] ::1 /RabbitCMS/rabbit.php/Index/control_board.html
INFO: [ app_init ] --START--
INFO: Run Behavior\BuildLiteBehavior [ RunTime:0.000047s ]
INFO: [ app_init ] --END-- [ RunTime:0.000685s ]

[ 2016-01-06T19:10:25+08:00 ] ::1 /RabbitCMS/rabbit.php/Index/control_board.html
INFO: [ app_init ] --START--
INFO: Run Behavior\BuildLiteBehavior [ RunTime:0.000039s ]
INFO: [ app_init ] --END-- [ RunTime:0.001955s ]

[ 2016-01-06T19:11:48+08:00 ] ::1 /RabbitCMS/rabbit.php/Index/control_board.html
INFO: [ app_init ] --START--
INFO: Run Behavior\BuildLiteBehavior [ RunTime:0.000022s ]
INFO: [ app_init ] --END-- [ RunTime:0.001506s ]

[ 2016-01-06T19:12:50+08:00 ] ::1 /RabbitCMS/rabbit.php/Index/control_board.html
INFO: [ app_init ] --START--
INFO: Run Behavior\BuildLiteBehavior [ RunTime:0.000039s ]
INFO: [ app_init ] --END-- [ RunTime:0.001792s ]

[ 2016-01-06T19:13:22+08:00 ] ::1 /RabbitCMS/rabbit.php/Index/control_board.html
INFO: [ app_init ] --START--
INFO: Run Behavior\BuildLiteBehavior [ RunTime:0.000023s ]
INFO: [ app_init ] --END-- [ RunTime:0.001558s ]

[ 2016-01-06T19:13:53+08:00 ] ::1 /RabbitCMS/rabbit.php/Index/control_board.html
INFO: [ app_init ] --START--
INFO: Run Behavior\BuildLiteBehavior [ RunTime:0.000047s ]
INFO: [ app_init ] --END-- [ RunTime:0.002696s ]

[ 2016-01-06T19:14:08+08:00 ] ::1 /RabbitCMS/rabbit.php/Index/control_board.html
INFO: [ app_init ] --START--
INFO: Run Behavior\BuildLiteBehavior [ RunTime:0.000027s ]
INFO: [ app_init ] --END-- [ RunTime:0.002642s ]

[ 2016-01-06T19:15:02+08:00 ] ::1 /RabbitCMS/rabbit.php/Index/control_board.html
INFO: [ app_init ] --START--
INFO: Run Behavior\BuildLiteBehavior [ RunTime:0.000419s ]
INFO: [ app_init ] --END-- [ RunTime:0.004319s ]

[ 2016-01-06T19:15:08+08:00 ] ::1 /RabbitCMS/rabbit.php/Index/control_board.html
INFO: [ app_init ] --START--
INFO: Run Behavior\BuildLiteBehavior [ RunTime:0.000046s ]
INFO: [ app_init ] --END-- [ RunTime:0.001106s ]

[ 2016-01-06T19:16:24+08:00 ] ::1 /RabbitCMS/rabbit.php/Index/control_board.html
INFO: [ app_init ] --START--
INFO: Run Behavior\BuildLiteBehavior [ RunTime:0.000042s ]
INFO: [ app_init ] --END-- [ RunTime:0.002579s ]

[ 2016-01-06T19:17:09+08:00 ] ::1 /RabbitCMS/rabbit.php/Index/control_board.html
INFO: [ app_init ] --START--
INFO: Run Behavior\BuildLiteBehavior [ RunTime:0.000047s ]
INFO: [ app_init ] --END-- [ RunTime:0.003070s ]

[ 2016-01-06T19:18:13+08:00 ] ::1 /RabbitCMS/rabbit.php/Index/control_board.html
INFO: [ app_init ] --START--
INFO: Run Behavior\BuildLiteBehavior [ RunTime:0.000047s ]
INFO: [ app_init ] --END-- [ RunTime:0.002839s ]

[ 2016-01-06T19:19:44+08:00 ] ::1 /RabbitCMS/rabbit.php/Index/control_board.html
INFO: [ app_init ] --START--
INFO: Run Behavior\BuildLiteBehavior [ RunTime:0.000036s ]
INFO: [ app_init ] --END-- [ RunTime:0.002728s ]

[ 2016-01-06T19:20:00+08:00 ] ::1 /RabbitCMS/rabbit.php/Index/control_board.html
INFO: [ app_init ] --START--
INFO: Run Behavior\BuildLiteBehavior [ RunTime:0.000022s ]
INFO: [ app_init ] --END-- [ RunTime:0.001437s ]

[ 2016-01-06T19:20:12+08:00 ] ::1 /RabbitCMS/rabbit.php/Index/Index/website_information
INFO: [ app_init ] --START--
INFO: Run Behavior\BuildLiteBehavior [ RunTime:0.000020s ]
INFO: [ app_init ] --END-- [ RunTime:0.000518s ]

[ 2016-01-06T19:20:16+08:00 ] ::1 /RabbitCMS/rabbit.php/Index/control_board.html
INFO: [ app_init ] --START--
INFO: Run Behavior\BuildLiteBehavior [ RunTime:0.000020s ]
INFO: [ app_init ] --END-- [ RunTime:0.000531s ]

[ 2016-01-06T19:21:27+08:00 ] ::1 /RabbitCMS/rabbit.php/Index/control_board.html
INFO: [ app_init ] --START--
INFO: Run Behavior\BuildLiteBehavior [ RunTime:0.000025s ]
INFO: [ app_init ] --END-- [ RunTime:0.002149s ]

[ 2016-01-06T19:22:10+08:00 ] ::1 /RabbitCMS/rabbit.php/Index/control_board.html
INFO: [ app_init ] --START--
INFO: Run Behavior\BuildLiteBehavior [ RunTime:0.000046s ]
INFO: [ app_init ] --END-- [ RunTime:0.002713s ]

[ 2016-01-06T19:22:22+08:00 ] ::1 /RabbitCMS/rabbit.php/Index/Index/website_information
INFO: [ app_init ] --START--
INFO: Run Behavior\BuildLiteBehavior [ RunTime:0.000036s ]
INFO: [ app_init ] --END-- [ RunTime:0.002274s ]

[ 2016-01-06T19:22:52+08:00 ] ::1 /RabbitCMS/rabbit.php/Index/index.html
INFO: [ app_init ] --START--
INFO: Run Behavior\BuildLiteBehavior [ RunTime:0.000022s ]
INFO: [ app_init ] --END-- [ RunTime:0.001542s ]

[ 2016-01-06T19:23:01+08:00 ] ::1 /RabbitCMS/rabbit.php/Index/index.html
INFO: [ app_init ] --START--
INFO: Run Behavior\BuildLiteBehavior [ RunTime:0.000022s ]
INFO: [ app_init ] --END-- [ RunTime:0.001573s ]

[ 2016-01-06T19:23:02+08:00 ] ::1 /RabbitCMS/rabbit.php/Index/control_board.html
INFO: [ app_init ] --START--
INFO: Run Behavior\BuildLiteBehavior [ RunTime:0.000020s ]
INFO: [ app_init ] --END-- [ RunTime:0.000491s ]

[ 2016-01-06T19:23:51+08:00 ] ::1 /RabbitCMS/rabbit.php/Index/control_board.html
INFO: [ app_init ] --START--
INFO: Run Behavior\BuildLiteBehavior [ RunTime:0.000040s ]
INFO: [ app_init ] --END-- [ RunTime:0.002898s ]

[ 2016-01-06T19:23:57+08:00 ] ::1 /RabbitCMS/rabbit.php/Index/control_board.html
INFO: [ app_init ] --START--
INFO: Run Behavior\BuildLiteBehavior [ RunTime:0.000069s ]
INFO: [ app_init ] --END-- [ RunTime:0.001289s ]

[ 2016-01-06T19:23:59+08:00 ] ::1 /RabbitCMS/rabbit.php/Index/website_information
INFO: [ app_init ] --START--
INFO: Run Behavior\BuildLiteBehavior [ RunTime:0.000022s ]
INFO: [ app_init ] --END-- [ RunTime:0.000572s ]
ERR: 非法操作:website_information

[ 2016-01-06T19:24:37+08:00 ] ::1 /RabbitCMS/rabbit.php/Index/control_board.html
INFO: [ app_init ] --START--
INFO: Run Behavior\BuildLiteBehavior [ RunTime:0.000026s ]
INFO: [ app_init ] --END-- [ RunTime:0.001497s ]

[ 2016-01-06T19:25:39+08:00 ] ::1 /RabbitCMS/rabbit.php/Index/control_board.html
INFO: [ app_init ] --START--
INFO: Run Behavior\BuildLiteBehavior [ RunTime:0.000025s ]
INFO: [ app_init ] --END-- [ RunTime:0.001670s ]

[ 2016-01-06T19:27:08+08:00 ] ::1 /RabbitCMS/rabbit.php/Index/control_board.html
INFO: [ app_init ] --START--
INFO: Run Behavior\BuildLiteBehavior [ RunTime:0.000052s ]
INFO: [ app_init ] --END-- [ RunTime:0.003545s ]

[ 2016-01-06T19:28:10+08:00 ] ::1 /RabbitCMS/rabbit.php/Index/control_board.html
INFO: [ app_init ] --START--
INFO: Run Behavior\BuildLiteBehavior [ RunTime:0.000073s ]
INFO: [ app_init ] --END-- [ RunTime:0.002381s ]

[ 2016-01-06T19:28:16+08:00 ] ::1 /RabbitCMS/rabbit.php/Index/control_board.html
INFO: [ app_init ] --START--
INFO: Run Behavior\BuildLiteBehavior [ RunTime:0.000051s ]
INFO: [ app_init ] --END-- [ RunTime:0.001165s ]

[ 2016-01-06T19:28:38+08:00 ] ::1 /RabbitCMS/rabbit.php/Index/control_board.html
INFO: [ app_init ] --START--
INFO: Run Behavior\BuildLiteBehavior [ RunTime:0.000064s ]
INFO: [ app_init ] --END-- [ RunTime:0.003341s ]

[ 2016-01-06T19:32:15+08:00 ] ::1 /RabbitCMS/rabbit.php/Index/control_board.html
INFO: [ app_init ] --START--
INFO: Run Behavior\BuildLiteBehavior [ RunTime:0.000030s ]
INFO: [ app_init ] --END-- [ RunTime:0.001961s ]

[ 2016-01-06T19:33:09+08:00 ] ::1 /RabbitCMS/rabbit.php/Index/control_board.html
INFO: [ app_init ] --START--
INFO: Run Behavior\BuildLiteBehavior [ RunTime:0.000025s ]
INFO: [ app_init ] --END-- [ RunTime:0.001589s ]

[ 2016-01-06T19:33:35+08:00 ] ::1 /RabbitCMS/rabbit.php/Index/control_board.html
INFO: [ app_init ] --START--
INFO: Run Behavior\BuildLiteBehavior [ RunTime:0.000035s ]
INFO: [ app_init ] --END-- [ RunTime:0.002153s ]

[ 2016-01-06T19:34:56+08:00 ] ::1 /RabbitCMS/rabbit.php/Index/control_board.html
INFO: [ app_init ] --START--
INFO: Run Behavior\BuildLiteBehavior [ RunTime:0.000025s ]
INFO: [ app_init ] --END-- [ RunTime:0.001912s ]

[ 2016-01-06T19:37:21+08:00 ] ::1 /RabbitCMS/rabbit.php/Index/website_information
INFO: [ app_init ] --START--
INFO: Run Behavior\BuildLiteBehavior [ RunTime:0.000025s ]
INFO: [ app_init ] --END-- [ RunTime:0.001680s ]
ERR: 非法操作:website_information

[ 2016-01-06T19:37:52+08:00 ] ::1 /RabbitCMS/rabbit.php/Index/website_information
INFO: [ app_init ] --START--
INFO: Run Behavior\BuildLiteBehavior [ RunTime:0.000021s ]
INFO: [ app_init ] --END-- [ RunTime:0.001479s ]

[ 2016-01-06T19:59:29+08:00 ] ::1 /RabbitCMS/rabbit.php/Index/website_information
INFO: [ app_init ] --START--
INFO: Run Behavior\BuildLiteBehavior [ RunTime:0.000022s ]
INFO: [ app_init ] --END-- [ RunTime:0.001521s ]

[ 2016-01-06T20:00:09+08:00 ] ::1 /RabbitCMS/rabbit.php/Index/control_board.html
INFO: [ app_init ] --START--
INFO: Run Behavior\BuildLiteBehavior [ RunTime:0.000030s ]
INFO: [ app_init ] --END-- [ RunTime:0.001877s ]

[ 2016-01-06T20:00:40+08:00 ] ::1 /RabbitCMS/rabbit.php/Index/control_board.html
INFO: [ app_init ] --START--
INFO: Run Behavior\BuildLiteBehavior [ RunTime:0.000023s ]
INFO: [ app_init ] --END-- [ RunTime:0.001746s ]

[ 2016-01-06T20:06:04+08:00 ] ::1 /RabbitCMS/rabbit.php/Index/website_information
INFO: [ app_init ] --START--
INFO: Run Behavior\BuildLiteBehavior [ RunTime:0.000022s ]
INFO: [ app_init ] --END-- [ RunTime:0.001614s ]

[ 2016-01-06T20:07:12+08:00 ] ::1 /RabbitCMS/rabbit.php/Index/website_information
INFO: [ app_init ] --START--
INFO: Run Behavior\BuildLiteBehavior [ RunTime:0.000023s ]
INFO: [ app_init ] --END-- [ RunTime:0.001576s ]
ERR: SQLSTATE[HY000] [1049] Unknown database 'diavision'

[ 2016-01-06T20:07:35+08:00 ] ::1 /RabbitCMS/rabbit.php/Index/website_information
INFO: [ app_init ] --START--
INFO: Run Behavior\BuildLiteBehavior [ RunTime:0.000023s ]
INFO: [ app_init ] --END-- [ RunTime:0.001565s ]
ERR: 1146:Table 'rabbitcms.website' doesn't exist
 [ SQL语句 ] : SHOW COLUMNS FROM `website`
ERR: 1146:Table 'rabbitcms.website' doesn't exist
 [ SQL语句 ] : SHOW COLUMNS FROM `website`

[ 2016-01-06T20:13:44+08:00 ] ::1 /RabbitCMS/rabbit.php/Index/website_information
INFO: [ app_init ] --START--
INFO: Run Behavior\BuildLiteBehavior [ RunTime:0.000034s ]
INFO: [ app_init ] --END-- [ RunTime:0.001788s ]
ERR: 1064:You have an error in your SQL syntax; check the manual that corresponds to your MySQL server version for the right syntax to use near 'group='website_information' )' at line 1
 [ SQL语句 ] : SELECT * FROM `website` WHERE ( group='website_information' ) 
ERR: 1064:You have an error in your SQL syntax; check the manual that corresponds to your MySQL server version for the right syntax to use near 'group='website_information' )' at line 1
 [ SQL语句 ] : SELECT * FROM `website` WHERE ( group='website_information' ) 

[ 2016-01-06T20:13:48+08:00 ] ::1 /RabbitCMS/rabbit.php/Index/control_board.html
INFO: [ app_init ] --START--
INFO: Run Behavior\BuildLiteBehavior [ RunTime:0.000040s ]
INFO: [ app_init ] --END-- [ RunTime:0.001126s ]

[ 2016-01-06T20:13:50+08:00 ] ::1 /RabbitCMS/rabbit.php/Index/website_information
INFO: [ app_init ] --START--
INFO: Run Behavior\BuildLiteBehavior [ RunTime:0.000021s ]
INFO: [ app_init ] --END-- [ RunTime:0.000643s ]
ERR: 1064:You have an error in your SQL syntax; check the manual that corresponds to your MySQL server version for the right syntax to use near 'group='website_information' )' at line 1
 [ SQL语句 ] : SELECT * FROM `website` WHERE ( group='website_information' ) 
ERR: 1064:You have an error in your SQL syntax; check the manual that corresponds to your MySQL server version for the right syntax to use near 'group='website_information' )' at line 1
 [ SQL语句 ] : SELECT * FROM `website` WHERE ( group='website_information' ) 

[ 2016-01-06T20:14:14+08:00 ] ::1 /RabbitCMS/rabbit.php/Index/website_information
INFO: [ app_init ] --START--
INFO: Run Behavior\BuildLiteBehavior [ RunTime:0.000028s ]
INFO: [ app_init ] --END-- [ RunTime:0.002089s ]
ERR: 1064:You have an error in your SQL syntax; check the manual that corresponds to your MySQL server version for the right syntax to use near 'group='information' )' at line 1
 [ SQL语句 ] : SELECT * FROM `website` WHERE ( group='information' ) 
ERR: 1064:You have an error in your SQL syntax; check the manual that corresponds to your MySQL server version for the right syntax to use near 'group='information' )' at line 1
 [ SQL语句 ] : SELECT * FROM `website` WHERE ( group='information' ) 

[ 2016-01-06T20:14:33+08:00 ] ::1 /RabbitCMS/rabbit.php/Index/website_information
INFO: [ app_init ] --START--
INFO: Run Behavior\BuildLiteBehavior [ RunTime:0.000023s ]
INFO: [ app_init ] --END-- [ RunTime:0.001544s ]
ERR: 1064:You have an error in your SQL syntax; check the manual that corresponds to your MySQL server version for the right syntax to use near 'group eq 'information' )' at line 1
 [ SQL语句 ] : SELECT * FROM `website` WHERE ( group eq 'information' ) 
ERR: 1064:You have an error in your SQL syntax; check the manual that corresponds to your MySQL server version for the right syntax to use near 'group eq 'information' )' at line 1
 [ SQL语句 ] : SELECT * FROM `website` WHERE ( group eq 'information' ) 

[ 2016-01-06T20:16:14+08:00 ] ::1 /RabbitCMS/rabbit.php/Index/website_information
INFO: [ app_init ] --START--
INFO: Run Behavior\BuildLiteBehavior [ RunTime:0.000038s ]
INFO: [ app_init ] --END-- [ RunTime:0.001939s ]
ERR: 1064:You have an error in your SQL syntax; check the manual that corresponds to your MySQL server version for the right syntax to use near 'group eq 'information' )' at line 1
 [ SQL语句 ] : SELECT * FROM `website` WHERE ( group eq 'information' ) 
ERR: 1064:You have an error in your SQL syntax; check the manual that corresponds to your MySQL server version for the right syntax to use near 'group eq 'information' )' at line 1
 [ SQL语句 ] : SELECT * FROM `website` WHERE ( group eq 'information' ) 

[ 2016-01-06T20:16:39+08:00 ] ::1 /RabbitCMS/rabbit.php/Index/website_information
INFO: [ app_init ] --START--
INFO: Run Behavior\BuildLiteBehavior [ RunTime:0.000023s ]
INFO: [ app_init ] --END-- [ RunTime:0.001531s ]
ERR: 1064:You have an error in your SQL syntax; check the manual that corresponds to your MySQL server version for the right syntax to use near 'group = 'information' )' at line 1
 [ SQL语句 ] : SELECT * FROM `website` WHERE ( group = 'information' ) 
ERR: 1064:You have an error in your SQL syntax; check the manual that corresponds to your MySQL server version for the right syntax to use near 'group = 'information' )' at line 1
 [ SQL语句 ] : SELECT * FROM `website` WHERE ( group = 'information' ) 

[ 2016-01-06T20:17:14+08:00 ] ::1 /RabbitCMS/rabbit.php/Index/website_information
INFO: [ app_init ] --START--
INFO: Run Behavior\BuildLiteBehavior [ RunTime:0.000024s ]
INFO: [ app_init ] --END-- [ RunTime:0.001891s ]

[ 2016-01-06T20:18:26+08:00 ] ::1 /RabbitCMS/rabbit.php/Index/website_information
INFO: [ app_init ] --START--
INFO: Run Behavior\BuildLiteBehavior [ RunTime:0.000022s ]
INFO: [ app_init ] --END-- [ RunTime:0.001557s ]

[ 2016-01-06T20:24:39+08:00 ] ::1 /RabbitCMS/rabbit.php/Index/website_information
INFO: [ app_init ] --START--
INFO: Run Behavior\BuildLiteBehavior [ RunTime:0.000023s ]
INFO: [ app_init ] --END-- [ RunTime:0.001553s ]

[ 2016-01-06T20:24:43+08:00 ] ::1 /RabbitCMS/rabbit.php/Index/website_information
INFO: [ app_init ] --START--
INFO: Run Behavior\BuildLiteBehavior [ RunTime:0.000024s ]
INFO: [ app_init ] --END-- [ RunTime:0.000777s ]

[ 2016-01-06T20:26:59+08:00 ] ::1 /RabbitCMS/rabbit.php/Index/website_information
INFO: [ app_init ] --START--
INFO: Run Behavior\BuildLiteBehavior [ RunTime:0.000036s ]
INFO: [ app_init ] --END-- [ RunTime:0.002759s ]

[ 2016-01-06T20:28:45+08:00 ] ::1 /RabbitCMS/rabbit.php/Index/website_information
INFO: [ app_init ] --START--
INFO: Run Behavior\BuildLiteBehavior [ RunTime:0.000024s ]
INFO: [ app_init ] --END-- [ RunTime:0.001814s ]

[ 2016-01-06T20:28:57+08:00 ] ::1 /RabbitCMS/rabbit.php/Index/website_information
INFO: [ app_init ] --START--
INFO: Run Behavior\BuildLiteBehavior [ RunTime:0.000020s ]
INFO: [ app_init ] --END-- [ RunTime:0.000497s ]

[ 2016-01-06T20:29:46+08:00 ] ::1 /RabbitCMS/rabbit.php/Index/website_information
INFO: [ app_init ] --START--
INFO: Run Behavior\BuildLiteBehavior [ RunTime:0.000024s ]
INFO: [ app_init ] --END-- [ RunTime:0.001640s ]

[ 2016-01-06T20:30:30+08:00 ] ::1 /RabbitCMS/rabbit.php/Index/website_information
INFO: [ app_init ] --START--
INFO: Run Behavior\BuildLiteBehavior [ RunTime:0.000023s ]
INFO: [ app_init ] --END-- [ RunTime:0.001637s ]

[ 2016-01-06T20:33:03+08:00 ] ::1 /RabbitCMS/rabbit.php/Index/website_information
INFO: [ app_init ] --START--
INFO: Run Behavior\BuildLiteBehavior [ RunTime:0.000024s ]
INFO: [ app_init ] --END-- [ RunTime:0.001539s ]

[ 2016-01-06T20:33:42+08:00 ] ::1 /RabbitCMS/rabbit.php/Index/website_information
INFO: [ app_init ] --START--
INFO: Run Behavior\BuildLiteBehavior [ RunTime:0.000023s ]
INFO: [ app_init ] --END-- [ RunTime:0.001545s ]

[ 2016-01-06T20:39:05+08:00 ] ::1 /RabbitCMS/rabbit.php/Index/website_information
INFO: [ app_init ] --START--
INFO: Run Behavior\BuildLiteBehavior [ RunTime:0.000024s ]
INFO: [ app_init ] --END-- [ RunTime:0.001703s ]

[ 2016-01-06T20:39:55+08:00 ] ::1 /RabbitCMS/rabbit.php/Index/control_board.html
INFO: [ app_init ] --START--
INFO: Run Behavior\BuildLiteBehavior [ RunTime:0.000021s ]
INFO: [ app_init ] --END-- [ RunTime:0.001660s ]

[ 2016-01-06T20:40:07+08:00 ] ::1 /RabbitCMS/rabbit.php/Index/website_information
INFO: [ app_init ] --START--
INFO: Run Behavior\BuildLiteBehavior [ RunTime:0.000036s ]
INFO: [ app_init ] --END-- [ RunTime:0.001056s ]

[ 2016-01-06T20:44:45+08:00 ] ::1 /RabbitCMS/rabbit.php/Index/website_information
INFO: [ app_init ] --START--
INFO: Run Behavior\BuildLiteBehavior [ RunTime:0.000024s ]
INFO: [ app_init ] --END-- [ RunTime:0.001660s ]

[ 2016-01-06T20:45:28+08:00 ] ::1 /RabbitCMS/rabbit.php/Index/website_information
INFO: [ app_init ] --START--
INFO: Run Behavior\BuildLiteBehavior [ RunTime:0.000024s ]
INFO: [ app_init ] --END-- [ RunTime:0.001904s ]

[ 2016-01-06T20:45:30+08:00 ] ::1 /RabbitCMS/rabbit.php/Index/control_board.html
INFO: [ app_init ] --START--
INFO: Run Behavior\BuildLiteBehavior [ RunTime:0.000040s ]
INFO: [ app_init ] --END-- [ RunTime:0.000782s ]

[ 2016-01-06T20:45:32+08:00 ] ::1 /RabbitCMS/rabbit.php/Index/website_information
INFO: [ app_init ] --START--
INFO: Run Behavior\BuildLiteBehavior [ RunTime:0.000020s ]
INFO: [ app_init ] --END-- [ RunTime:0.000596s ]

[ 2016-01-06T20:46:06+08:00 ] ::1 /RabbitCMS/rabbit.php/Index/website_information
INFO: [ app_init ] --START--
INFO: Run Behavior\BuildLiteBehavior [ RunTime:0.000024s ]
INFO: [ app_init ] --END-- [ RunTime:0.001547s ]

[ 2016-01-06T20:46:17+08:00 ] ::1 /RabbitCMS/rabbit.php/Index/website_information
INFO: [ app_init ] --START--
INFO: Run Behavior\BuildLiteBehavior [ RunTime:0.000023s ]
INFO: [ app_init ] --END-- [ RunTime:0.001596s ]

[ 2016-01-06T20:46:47+08:00 ] ::1 /RabbitCMS/rabbit.php/Index/website_information
INFO: [ app_init ] --START--
INFO: Run Behavior\BuildLiteBehavior [ RunTime:0.000023s ]
INFO: [ app_init ] --END-- [ RunTime:0.001468s ]

[ 2016-01-06T20:46:58+08:00 ] ::1 /RabbitCMS/rabbit.php/Index/website_information
INFO: [ app_init ] --START--
INFO: Run Behavior\BuildLiteBehavior [ RunTime:0.000025s ]
INFO: [ app_init ] --END-- [ RunTime:0.001824s ]

[ 2016-01-06T20:47:22+08:00 ] ::1 /RabbitCMS/rabbit.php/Index/website_information
INFO: [ app_init ] --START--
INFO: Run Behavior\BuildLiteBehavior [ RunTime:0.000023s ]
INFO: [ app_init ] --END-- [ RunTime:0.001540s ]

[ 2016-01-06T20:47:56+08:00 ] ::1 /RabbitCMS/rabbit.php/Index/website_information
INFO: [ app_init ] --START--
INFO: Run Behavior\BuildLiteBehavior [ RunTime:0.000022s ]
INFO: [ app_init ] --END-- [ RunTime:0.001609s ]

[ 2016-01-06T20:48:23+08:00 ] ::1 /RabbitCMS/rabbit.php/Index/website_information
INFO: [ app_init ] --START--
INFO: Run Behavior\BuildLiteBehavior [ RunTime:0.000029s ]
INFO: [ app_init ] --END-- [ RunTime:0.001685s ]

[ 2016-01-06T20:49:52+08:00 ] ::1 /RabbitCMS/rabbit.php/Index/website_information
INFO: [ app_init ] --START--
INFO: Run Behavior\BuildLiteBehavior [ RunTime:0.000023s ]
INFO: [ app_init ] --END-- [ RunTime:0.001402s ]

[ 2016-01-06T20:49:58+08:00 ] ::1 /RabbitCMS/rabbit.php/Index/control_board.html
INFO: [ app_init ] --START--
INFO: Run Behavior\BuildLiteBehavior [ RunTime:0.000026s ]
INFO: [ app_init ] --END-- [ RunTime:0.000697s ]

[ 2016-01-06T20:50:00+08:00 ] ::1 /RabbitCMS/rabbit.php/Index/website_information
INFO: [ app_init ] --START--
INFO: Run Behavior\BuildLiteBehavior [ RunTime:0.000021s ]
INFO: [ app_init ] --END-- [ RunTime:0.000558s ]

[ 2016-01-06T20:50:09+08:00 ] ::1 /RabbitCMS/rabbit.php/Index/website_information
INFO: [ app_init ] --START--
INFO: Run Behavior\BuildLiteBehavior [ RunTime:0.000022s ]
INFO: [ app_init ] --END-- [ RunTime:0.001617s ]

[ 2016-01-06T20:50:53+08:00 ] ::1 /RabbitCMS/rabbit.php/Index/website_information
INFO: [ app_init ] --START--
INFO: Run Behavior\BuildLiteBehavior [ RunTime:0.000026s ]
INFO: [ app_init ] --END-- [ RunTime:0.001664s ]

[ 2016-01-06T20:51:32+08:00 ] ::1 /RabbitCMS/rabbit.php/Index/website_information
INFO: [ app_init ] --START--
INFO: Run Behavior\BuildLiteBehavior [ RunTime:0.000023s ]
INFO: [ app_init ] --END-- [ RunTime:0.001542s ]

[ 2016-01-06T20:51:58+08:00 ] ::1 /RabbitCMS/rabbit.php/Index/website_information
INFO: [ app_init ] --START--
INFO: Run Behavior\BuildLiteBehavior [ RunTime:0.000024s ]
INFO: [ app_init ] --END-- [ RunTime:0.001724s ]

[ 2016-01-06T20:52:15+08:00 ] ::1 /RabbitCMS/rabbit.php/Index/website_information
INFO: [ app_init ] --START--
INFO: Run Behavior\BuildLiteBehavior [ RunTime:0.000022s ]
INFO: [ app_init ] --END-- [ RunTime:0.001653s ]

[ 2016-01-06T20:52:40+08:00 ] ::1 /RabbitCMS/rabbit.php/Index/website_information
INFO: [ app_init ] --START--
INFO: Run Behavior\BuildLiteBehavior [ RunTime:0.000023s ]
INFO: [ app_init ] --END-- [ RunTime:0.001665s ]

[ 2016-01-06T20:53:03+08:00 ] ::1 /RabbitCMS/rabbit.php/Index/website_information
INFO: [ app_init ] --START--
INFO: Run Behavior\BuildLiteBehavior [ RunTime:0.000028s ]
INFO: [ app_init ] --END-- [ RunTime:0.001954s ]

[ 2016-01-06T20:53:28+08:00 ] ::1 /RabbitCMS/rabbit.php/Index/control_board.html
INFO: [ app_init ] --START--
INFO: Run Behavior\BuildLiteBehavior [ RunTime:0.000023s ]
INFO: [ app_init ] --END-- [ RunTime:0.001672s ]

[ 2016-01-06T20:53:30+08:00 ] ::1 /RabbitCMS/rabbit.php/Index/website_information
INFO: [ app_init ] --START--
INFO: Run Behavior\BuildLiteBehavior [ RunTime:0.000033s ]
INFO: [ app_init ] --END-- [ RunTime:0.000618s ]

[ 2016-01-06T20:53:50+08:00 ] ::1 /RabbitCMS/rabbit.php/Index/website_information
INFO: [ app_init ] --START--
INFO: Run Behavior\BuildLiteBehavior [ RunTime:0.000036s ]
INFO: [ app_init ] --END-- [ RunTime:0.001600s ]

[ 2016-01-06T20:55:11+08:00 ] ::1 /RabbitCMS/rabbit.php/Index/website_information
INFO: [ app_init ] --START--
INFO: Run Behavior\BuildLiteBehavior [ RunTime:0.000025s ]
INFO: [ app_init ] --END-- [ RunTime:0.001589s ]

[ 2016-01-06T20:55:33+08:00 ] ::1 /RabbitCMS/rabbit.php/Index/website_information
INFO: [ app_init ] --START--
INFO: Run Behavior\BuildLiteBehavior [ RunTime:0.000022s ]
INFO: [ app_init ] --END-- [ RunTime:0.001615s ]

[ 2016-01-06T20:56:35+08:00 ] ::1 /RabbitCMS/rabbit.php/Index/index.html
INFO: [ app_init ] --START--
INFO: Run Behavior\BuildLiteBehavior [ RunTime:0.000024s ]
INFO: [ app_init ] --END-- [ RunTime:0.001793s ]

[ 2016-01-06T20:57:29+08:00 ] ::1 /RabbitCMS/rabbit.php/Index/index.html
INFO: [ app_init ] --START--
INFO: Run Behavior\BuildLiteBehavior [ RunTime:0.000023s ]
INFO: [ app_init ] --END-- [ RunTime:0.001659s ]

[ 2016-01-06T20:57:54+08:00 ] ::1 /RabbitCMS/rabbit.php/Index/control_board.html
INFO: [ app_init ] --START--
INFO: Run Behavior\BuildLiteBehavior [ RunTime:0.000022s ]
INFO: [ app_init ] --END-- [ RunTime:0.001483s ]

[ 2016-01-06T20:57:56+08:00 ] ::1 /RabbitCMS/rabbit.php/Index/website_information
INFO: [ app_init ] --START--
INFO: Run Behavior\BuildLiteBehavior [ RunTime:0.000020s ]
INFO: [ app_init ] --END-- [ RunTime:0.000571s ]

[ 2016-01-06T20:57:57+08:00 ] ::1 /RabbitCMS/rabbit.php/Index/website_information
INFO: [ app_init ] --START--
INFO: Run Behavior\BuildLiteBehavior [ RunTime:0.000028s ]
INFO: [ app_init ] --END-- [ RunTime:0.000947s ]

[ 2016-01-06T20:58:19+08:00 ] ::1 /RabbitCMS/rabbit.php/Index/website_information
INFO: [ app_init ] --START--
INFO: Run Behavior\BuildLiteBehavior [ RunTime:0.000023s ]
INFO: [ app_init ] --END-- [ RunTime:0.001603s ]

[ 2016-01-06T20:59:49+08:00 ] ::1 /RabbitCMS/rabbit.php/Index/website_information
INFO: [ app_init ] --START--
INFO: Run Behavior\BuildLiteBehavior [ RunTime:0.000024s ]
INFO: [ app_init ] --END-- [ RunTime:0.001640s ]

[ 2016-01-06T20:59:53+08:00 ] ::1 /RabbitCMS/rabbit.php/Index/website_information
INFO: [ app_init ] --START--
INFO: Run Behavior\BuildLiteBehavior [ RunTime:0.000039s ]
INFO: [ app_init ] --END-- [ RunTime:0.001038s ]

[ 2016-01-06T21:02:04+08:00 ] ::1 /RabbitCMS/rabbit.php/Index/website_information
INFO: [ app_init ] --START--
INFO: Run Behavior\BuildLiteBehavior [ RunTime:0.000028s ]
INFO: [ app_init ] --END-- [ RunTime:0.001655s ]

[ 2016-01-06T21:02:28+08:00 ] ::1 /RabbitCMS/rabbit.php/Index/website_information
INFO: [ app_init ] --START--
INFO: Run Behavior\BuildLiteBehavior [ RunTime:0.000024s ]
INFO: [ app_init ] --END-- [ RunTime:0.001891s ]

[ 2016-01-06T21:02:45+08:00 ] ::1 /RabbitCMS/rabbit.php/Index/website_information
INFO: [ app_init ] --START--
INFO: Run Behavior\BuildLiteBehavior [ RunTime:0.000023s ]
INFO: [ app_init ] --END-- [ RunTime:0.000591s ]

[ 2016-01-06T21:03:11+08:00 ] ::1 /RabbitCMS/rabbit.php/Index/control_board.html?website_name=&website_keyword=&website_description=&custom_navigation=0
INFO: [ app_init ] --START--
INFO: Run Behavior\BuildLiteBehavior [ RunTime:0.000034s ]
INFO: [ app_init ] --END-- [ RunTime:0.002410s ]

[ 2016-01-06T21:04:14+08:00 ] ::1 /RabbitCMS/rabbit.php/Index/control_board.html?website_name=&website_keyword=&website_description=&custom_navigation=0
INFO: [ app_init ] --START--
INFO: Run Behavior\BuildLiteBehavior [ RunTime:0.000026s ]
INFO: [ app_init ] --END-- [ RunTime:0.001799s ]

[ 2016-01-06T21:04:16+08:00 ] ::1 /RabbitCMS/rabbit.php/Index/website_information
INFO: [ app_init ] --START--
INFO: Run Behavior\BuildLiteBehavior [ RunTime:0.000024s ]
INFO: [ app_init ] --END-- [ RunTime:0.000940s ]

[ 2016-01-06T21:05:14+08:00 ] ::1 /RabbitCMS/rabbit.php/Index/website_information
INFO: [ app_init ] --START--
INFO: Run Behavior\BuildLiteBehavior [ RunTime:0.000035s ]
INFO: [ app_init ] --END-- [ RunTime:0.002171s ]

[ 2016-01-06T21:05:15+08:00 ] ::1 /RabbitCMS/rabbit.php/Index/control_board.html?website_name=&website_keyword=&website_description=&custom_navigation=0
INFO: [ app_init ] --START--
INFO: Run Behavior\BuildLiteBehavior [ RunTime:0.000021s ]
INFO: [ app_init ] --END-- [ RunTime:0.000571s ]

[ 2016-01-06T21:05:26+08:00 ] ::1 /RabbitCMS/rabbit.php/Index/website_information
INFO: [ app_init ] --START--
INFO: Run Behavior\BuildLiteBehavior [ RunTime:0.000023s ]
INFO: [ app_init ] --END-- [ RunTime:0.000578s ]

[ 2016-01-06T21:05:28+08:00 ] ::1 /RabbitCMS/rabbit.php/Index/control_board.html?website_name=&website_keyword=&website_description=&custom_navigation=0
INFO: [ app_init ] --START--
INFO: Run Behavior\BuildLiteBehavior [ RunTime:0.000041s ]
INFO: [ app_init ] --END-- [ RunTime:0.004048s ]

[ 2016-01-06T21:07:19+08:00 ] ::1 /RabbitCMS/rabbit.php/Index/website_information
INFO: [ app_init ] --START--
INFO: Run Behavior\BuildLiteBehavior [ RunTime:0.000023s ]
INFO: [ app_init ] --END-- [ RunTime:0.001564s ]

[ 2016-01-06T21:07:32+08:00 ] ::1 /RabbitCMS/rabbit.php/Index/control_board.html?website_name=&website_keyword=&website_description=&custom_navigation=0
INFO: [ app_init ] --START--
INFO: Run Behavior\BuildLiteBehavior [ RunTime:0.000020s ]
INFO: [ app_init ] --END-- [ RunTime:0.000547s ]

[ 2016-01-06T21:07:34+08:00 ] ::1 /RabbitCMS/rabbit.php/Index/control_board.html?website_name=&website_keyword=&website_description=&custom_navigation=0
INFO: [ app_init ] --START--
INFO: Run Behavior\BuildLiteBehavior [ RunTime:0.000027s ]
INFO: [ app_init ] --END-- [ RunTime:0.000771s ]

[ 2016-01-06T21:07:35+08:00 ] ::1 /RabbitCMS/rabbit.php/Index/website_information
INFO: [ app_init ] --START--
INFO: Run Behavior\BuildLiteBehavior [ RunTime:0.000030s ]
INFO: [ app_init ] --END-- [ RunTime:0.000719s ]

[ 2016-01-06T21:07:37+08:00 ] ::1 /RabbitCMS/rabbit.php/Index/control_board.html?website_name=&website_keyword=&website_description=&custom_navigation=0
INFO: [ app_init ] --START--
INFO: Run Behavior\BuildLiteBehavior [ RunTime:0.000034s ]
INFO: [ app_init ] --END-- [ RunTime:0.000780s ]

[ 2016-01-06T21:08:44+08:00 ] ::1 /RabbitCMS/rabbit.php/Index/website_information
INFO: [ app_init ] --START--
INFO: Run Behavior\BuildLiteBehavior [ RunTime:0.000022s ]
INFO: [ app_init ] --END-- [ RunTime:0.001602s ]

[ 2016-01-06T21:08:49+08:00 ] ::1 /RabbitCMS/rabbit.php/Index/control_board.html
INFO: [ app_init ] --START--
INFO: Run Behavior\BuildLiteBehavior [ RunTime:0.000022s ]
INFO: [ app_init ] --END-- [ RunTime:0.000627s ]

[ 2016-01-06T21:08:50+08:00 ] ::1 /RabbitCMS/rabbit.php/Index/control_board.html
INFO: [ app_init ] --START--
INFO: Run Behavior\BuildLiteBehavior [ RunTime:0.000032s ]
INFO: [ app_init ] --END-- [ RunTime:0.000722s ]

[ 2016-01-06T21:08:51+08:00 ] ::1 /RabbitCMS/rabbit.php/Index/website_information
INFO: [ app_init ] --START--
INFO: Run Behavior\BuildLiteBehavior [ RunTime:0.000020s ]
INFO: [ app_init ] --END-- [ RunTime:0.000548s ]

[ 2016-01-06T21:08:53+08:00 ] ::1 /RabbitCMS/rabbit.php/Index/control_board.html
INFO: [ app_init ] --START--
INFO: Run Behavior\BuildLiteBehavior [ RunTime:0.000021s ]
INFO: [ app_init ] --END-- [ RunTime:0.000541s ]

[ 2016-01-06T21:09:01+08:00 ] ::1 /RabbitCMS/rabbit.php/Index/control_board.html
INFO: [ app_init ] --START--
INFO: Run Behavior\BuildLiteBehavior [ RunTime:0.000020s ]
INFO: [ app_init ] --END-- [ RunTime:0.000527s ]

[ 2016-01-06T21:09:21+08:00 ] ::1 /RabbitCMS/rabbit.php/Index/website_information
INFO: [ app_init ] --START--
INFO: Run Behavior\BuildLiteBehavior [ RunTime:0.000023s ]
INFO: [ app_init ] --END-- [ RunTime:0.001594s ]

[ 2016-01-06T21:09:23+08:00 ] ::1 /RabbitCMS/rabbit.php/Index/website_information
INFO: [ app_init ] --START--
INFO: Run Behavior\BuildLiteBehavior [ RunTime:0.000019s ]
INFO: [ app_init ] --END-- [ RunTime:0.000540s ]

[ 2016-01-06T21:09:53+08:00 ] ::1 /RabbitCMS/rabbit.php/Index/control_board.html
INFO: [ app_init ] --START--
INFO: Run Behavior\BuildLiteBehavior [ RunTime:0.000023s ]
INFO: [ app_init ] --END-- [ RunTime:0.001735s ]

[ 2016-01-06T21:09:55+08:00 ] ::1 /RabbitCMS/rabbit.php/Index/website_information
INFO: [ app_init ] --START--
INFO: Run Behavior\BuildLiteBehavior [ RunTime:0.000020s ]
INFO: [ app_init ] --END-- [ RunTime:0.000495s ]

[ 2016-01-06T21:09:56+08:00 ] ::1 /RabbitCMS/rabbit.php/Index/control_board.html
INFO: [ app_init ] --START--
INFO: Run Behavior\BuildLiteBehavior [ RunTime:0.000020s ]
INFO: [ app_init ] --END-- [ RunTime:0.000503s ]

[ 2016-01-06T21:10:37+08:00 ] ::1 /RabbitCMS/rabbit.php/Index/website_information
INFO: [ app_init ] --START--
INFO: Run Behavior\BuildLiteBehavior [ RunTime:0.000057s ]
INFO: [ app_init ] --END-- [ RunTime:0.002406s ]

[ 2016-01-06T21:10:40+08:00 ] ::1 /RabbitCMS/rabbit.php/Index/website_information
INFO: [ app_init ] --START--
INFO: Run Behavior\BuildLiteBehavior [ RunTime:0.000035s ]
INFO: [ app_init ] --END-- [ RunTime:0.000840s ]

[ 2016-01-06T21:10:46+08:00 ] ::1 /RabbitCMS/rabbit.php/Index/control_board.html
INFO: [ app_init ] --START--
INFO: Run Behavior\BuildLiteBehavior [ RunTime:0.000024s ]
INFO: [ app_init ] --END-- [ RunTime:0.000733s ]

[ 2016-01-06T21:10:47+08:00 ] ::1 /RabbitCMS/rabbit.php/Index/website_information
INFO: [ app_init ] --START--
INFO: Run Behavior\BuildLiteBehavior [ RunTime:0.000047s ]
INFO: [ app_init ] --END-- [ RunTime:0.000630s ]

[ 2016-01-06T21:10:48+08:00 ] ::1 /RabbitCMS/rabbit.php/Index/website_information
INFO: [ app_init ] --START--
INFO: Run Behavior\BuildLiteBehavior [ RunTime:0.000038s ]
INFO: [ app_init ] --END-- [ RunTime:0.000912s ]

[ 2016-01-06T21:20:36+08:00 ] ::1 /RabbitCMS/rabbit.php/Index/control_board.html
INFO: [ app_init ] --START--
INFO: Run Behavior\BuildLiteBehavior [ RunTime:0.000022s ]
INFO: [ app_init ] --END-- [ RunTime:0.001491s ]

[ 2016-01-06T21:20:37+08:00 ] ::1 /RabbitCMS/rabbit.php/Index/website_information
INFO: [ app_init ] --START--
INFO: Run Behavior\BuildLiteBehavior [ RunTime:0.000021s ]
INFO: [ app_init ] --END-- [ RunTime:0.000560s ]

[ 2016-01-06T21:21:00+08:00 ] ::1 /RabbitCMS/rabbit.php/Index/website_information
INFO: [ app_init ] --START--
INFO: Run Behavior\BuildLiteBehavior [ RunTime:0.000041s ]
INFO: [ app_init ] --END-- [ RunTime:0.001778s ]

[ 2016-01-06T21:21:01+08:00 ] ::1 /RabbitCMS/rabbit.php/Index/control_board.html
INFO: [ app_init ] --START--
INFO: Run Behavior\BuildLiteBehavior [ RunTime:0.000025s ]
INFO: [ app_init ] --END-- [ RunTime:0.000572s ]

[ 2016-01-06T21:21:02+08:00 ] ::1 /RabbitCMS/rabbit.php/Index/website_information
INFO: [ app_init ] --START--
INFO: Run Behavior\BuildLiteBehavior [ RunTime:0.000025s ]
INFO: [ app_init ] --END-- [ RunTime:0.000649s ]

[ 2016-01-06T21:21:06+08:00 ] ::1 /RabbitCMS/rabbit.php/Index/control_board.html
INFO: [ app_init ] --START--
INFO: Run Behavior\BuildLiteBehavior [ RunTime:0.000025s ]
INFO: [ app_init ] --END-- [ RunTime:0.000613s ]

[ 2016-01-06T21:21:10+08:00 ] ::1 /RabbitCMS/rabbit.php/Index/index.html
INFO: [ app_init ] --START--
INFO: Run Behavior\BuildLiteBehavior [ RunTime:0.000027s ]
INFO: [ app_init ] --END-- [ RunTime:0.000533s ]

[ 2016-01-06T21:21:13+08:00 ] ::1 /RabbitCMS/rabbit.php/Index/control_board.html
INFO: [ app_init ] --START--
INFO: Run Behavior\BuildLiteBehavior [ RunTime:0.000024s ]
INFO: [ app_init ] --END-- [ RunTime:0.000576s ]

